<?xml version="1.0" encoding="UTF-8"?>
<testsuite xmlns:xsi="http://www.w3.org/2001/XMLSchema-instance" xsi:noNamespaceSchemaLocation="https://maven.apache.org/surefire/maven-surefire-plugin/xsd/surefire-test-report-3.0.xsd" version="3.0" name="com.loggingapp.MathCalculationTest" time="0.018" tests="2" errors="0" skipped="0" failures="0">
  <properties>
[...]
</properties>
  <testcase name="testAdd" classname="com.loggingapp.MathCalculationTest" time="0.008">
    <system-out><![CDATA[Addition test successful
]]></system-out>
  </testcase>
  <testcase name="testMultiplication" classname="com.loggingapp.MathCalculationTest" time="0.005">
    <system-out><![CDATA[Multiplication test successful
]]></system-out>
  </testcase>
</testsuite>